shoukeen_menu/android/app/build/outputs/logs/manifest-merger-debug-report.txt
-- Merging decision tree log ---
application
INJECTED from src\main\AndroidManifest.xml:2:5-33:19
INJECTED from src\debug\AndroidManifest.xml
	android:extractNativeLibs
		INJECTED from src\debug\AndroidManifest.xml
	android:name
		INJECTED from src\main\AndroidManifest.xml
manifest
ADDED from src\main\AndroidManifest.xml:1:1-45:12
MERGED from src\main\AndroidManifest.xml:1:1-45:12
INJECTED from src\debug\AndroidManifest.xml:1:1-7:12
INJECTED from src\debug\AndroidManifest.xml:1:1-7:12
INJECTED from src\debug\AndroidManifest.xml:1:1-7:12
	package
		INJECTED from src\debug\AndroidManifest.xml
	android:versionName
		INJECTED from src\debug\AndroidManifest.xml
	android:versionCode
		INJECTED from src\debug\AndroidManifest.xml
	xmlns:android
		ADDED from src\main\AndroidManifest.xml:1:11-69
queries
ADDED from src\main\AndroidManifest.xml:39:5-44:15
intent#action:name:android.intent.action.PROCESS_TEXT+data:mimeType:text/plain
ADDED from src\main\AndroidManifest.xml:40:9-43:18
action#android.intent.action.PROCESS_TEXT
ADDED from src\main\AndroidManifest.xml:41:13-72
	android:name
		ADDED from src\main\AndroidManifest.xml:41:21-70
data
ADDED from src\main\AndroidManifest.xml:42:13-50
	android:mimeType
		ADDED from src\main\AndroidManifest.xml:42:19-48
uses-permission#android.permission.INTERNET
ADDED from src\debug\AndroidManifest.xml:6:5-66
	android:name
		ADDED from src\debug\AndroidManifest.xml:6:22-64
uses-sdk
INJECTED from src\debug\AndroidManifest.xml reason: use-sdk injection requested
INJECTED from src\debug\AndroidManifest.xml
INJECTED from src\debug\AndroidManifest.xml
	android:targetSdkVersion
		INJECTED from src\debug\AndroidManifest.xml
	android:minSdkVersion
		INJECTED from src\debug\AndroidManifest.xml